### Custom WaveView ADV log file, revision L-2016.06-SP2-1 (build Jan 11, ) ###
### created at 00:29:42 on Tue Apr 28 2020 (Linux AMD64) ###
### Host Name: engnx08.utdallas.edu   User ID: xxt170001   PID: 41682   ###
wv_start_log
# (0) running in waveview only mode
# (0) SW_SX_PERL_LIB defined
# (0) SW_SX_TCL_LIB defined
# (0) HOME defined
wv_move_window CustomWaveView 0 0
wv_resize_window CustomWaveView 800 400
wv_move_window CustomWaveView 0 25
wv_move_window CustomWaveView -1 4
wv_resize_window CustomWaveView 1532 784
wv_move_window CustomWaveView 2 51
wv_select_toolbar_item {Import Waveform File}
wv_move_dialog FileDialog 566 163
wv_select_dialog FileDialog
wv_set_text FileDialog.FileName {}
wv_select_list_item FileDialog.FileList microprocessorsetup.st0
wv_dclick_list_item FileDialog.FileList microprocessorsetup.st0
wv_select_toolbar_item {Import Waveform File}
wv_move_dialog FileDialog 566 163
wv_move_dialog FileDialog 568 172
wv_select_dialog FileDialog
wv_set_text FileDialog.FileName {microprocessorsetup.st0}
wv_select_list_item FileDialog.FileList microprocessorsetup.st0
wv_select_list_item FileDialog.FileList microprocessorlvs.st0
wv_select_list_item FileDialog.FileList microprocessorlvs.st0
wv_dclick_list_item FileDialog.FileList microprocessorlvs.st0
wv_select_toolbar_item {Import Waveform File}
wv_move_dialog FileDialog 568 172
wv_move_dialog FileDialog 566 163
wv_select_dialog FileDialog
wv_move_dialog FileDialog 568 146
wv_set_text FileDialog.FileName {microprocessorlvs.st0}
wv_select_list_item FileDialog.FileList microprocessorlvs.st0
wv_select_list_item FileDialog.FileList microprocessorsetup.tr0
wv_select_list_item FileDialog.FileList microprocessorlvs.sp
wv_select_list_item FileDialog.FileList microprocessorlvs.st0
wv_select_list_item FileDialog.FileList microprocessorlvs.st0
wv_select_list_item FileDialog.FileList microprocessorsetup.ic0
wv_select_list_item FileDialog.FileList microprocessorsetup.mt0
wv_select_list_item FileDialog.FileList microprocessorsetup.pa0
wv_select_list_item FileDialog.FileList microprocessorsetup.sp
wv_select_list_item FileDialog.FileList microprocessorlvs.sp
wv_select_list_item FileDialog.FileList DFFsetup.sp
wv_select_list_item FileDialog.FileList microprocessorlvs.sp
wv_select_list_item FileDialog.FileList microprocessorlvs.sp~
wv_select_list_item FileDialog.FileList microprocessorlvs.st0
wv_select_list_item FileDialog.FileList microprocessorsetup.ic0
wv_select_list_item FileDialog.FileList microprocessorsetup.mt0
wv_select_list_item FileDialog.FileList microprocessorsetup.pa0
wv_select_list_item FileDialog.FileList microprocessorsetup.sp
wv_select_list_item FileDialog.FileList sxcmd.log
wv_select_list_item FileDialog.FileList microprocessorsetup.tr0
wv_select_list_item FileDialog.FileList microprocessorsetup.tr0
wv_dclick_list_item FileDialog.FileList microprocessorsetup.tr0
wv_select_tree_item MainWindow.hierview {D0:microprocessorsetup.tr0}
wv_dclick_tree_item MainWindow.hierview {D0:microprocessorsetup.tr0}
wv_select_tree_item MainWindow.hierview {D0:microprocessorsetup.tr0}
wv_select_tree_item MainWindow.hierview {D0:microprocessorsetup.tr0/toplevel}
wv_dclick_tree_item MainWindow.hierview {D0:microprocessorsetup.tr0/toplevel}
wv_select_tree_item MainWindow.hierview {D0:microprocessorsetup.tr0/toplevel}
wv_select_list_item MainWindow.sigview i(vclk)
wv_dclick_list_item MainWindow.sigview i(vclk)
wv_waveview_context_menu WV1.PANEL1:1 3.58725e-10 0.00469496
wv_select_panel WV1.PANEL1:1 5.04872e-10 0.00496847
wv_drag_item_to WV1 164 66
wv_zoom WV1.PANEL1:1 5.04872e-10 0.00496847 2.88308e-09 -0.00639934
wv_select_panel WV1.PANEL1:1 6.28687e-10 0.00472685
wv_drag_item_to WV1 180 64
wv_zoom WV1.PANEL1:1 6.28687e-10 0.00472685 8.8312e-10 -0.000617155
wv_press_key F
wv_select_wv_item WV1.ICON.zoomin
wv_release_wv_item WV1 28 17
wv_select_wv_item WV1.ICON.zoomout
wv_release_wv_item WV1 40 15
wv_select_wv_item {WV1.ICON.unzoom y}
wv_release_wv_item WV1 85 15
wv_select_wv_item {WV1.ICON.unzoom x}
wv_release_wv_item WV1 76 17
wv_select_wv_item WV1.ICON.unzoom
wv_release_wv_item WV1 55 17
wv_select_waveview 1
wv_select_list_item MainWindow.sigview v(clk)
wv_dclick_list_item MainWindow.sigview v(clk)
wv_select_list_item MainWindow.sigview i(vclk)
wv_select_panel WV1.PANEL1:1 5.97874e-10 0.00217472
wv_select_wv_item WV1.PANEL1:1.YAXIS1
wv_select_wv_item WV1.PANEL1:1.LEGEND
wv_select_panel WV1.PANEL1:1.LEGEND
wv_waveview_context_menu WV1.PANEL1:1.LINE1
wv_select_context_menu_item {Clear WaveView}
wv_select_list_item MainWindow.sigview v(clk)
wv_dclick_list_item MainWindow.sigview v(clk)
wv_select_wv_item WV1.PANEL1:1.YAXIS1
wv_drag_item_to WV1 114 49
wv_zoom_y WV1.PANEL1:1 1.2 0.0020202
wv_select_wv_item {WV1.ICON.unzoom x}
wv_release_wv_item WV1 71 12
wv_select_wv_item WV1.ICON.unzoom
wv_release_wv_item WV1 58 14
wv_select_panel WV1.PANEL1:1 4.43756e-09 1.19394
wv_drag_item_to WV1 461 53
wv_zoom_y WV1.PANEL1:1 1.19394 -0.157576
wv_select_wv_item {WV1.ICON.unzoom x}
wv_release_wv_item WV1 71 11
wv_select_wv_item WV1.ICON.unzoom
wv_release_wv_item WV1 60 11
wv_select_wv_item WV1.PANEL1:1.XAXIS1
wv_drag_item_to WV1 145 36
wv_zoom_x WV1.PANEL1:1 2.25864e-10 1.68733e-09
wv_select_wv_item WV1.HSLIDER 219 678
wv_drag_item_to WV1 219 677
wv_drag_item_to WV1 126 679
wv_horz_scroll WV1 0
wv_select_wv_item WV1.HSLIDER 208 677
wv_drag_item_to WV1 209 678
wv_drag_item_to WV1 270 691
wv_horz_scroll WV1 62
wv_select_wv_item WV1.HSLIDER 256 672
wv_drag_item_to WV1 255 672
wv_drag_item_to WV1 54 669
wv_horz_scroll WV1 0
wv_select_list_item MainWindow.sigview v(inst0)
wv_dclick_list_item MainWindow.sigview v(inst0)
wv_select_list_item MainWindow.sigview v(inst1)
wv_dclick_list_item MainWindow.sigview v(inst1)
wv_select_panel WV1.PANEL2:1 2.8299e-10 1.175
wv_select_panel WV1.PANEL1:1 2.95912e-10 -0.025
wv_select_panel WV1.PANEL2:1 2.72653e-10 1.19375
wv_select_list_item MainWindow.sigview v(in1)
wv_select_list_item MainWindow.sigview v(in0)
wv_dclick_list_item MainWindow.sigview v(in0)
wv_select_list_item MainWindow.sigview v(in1)
wv_dclick_list_item MainWindow.sigview v(in1)
wv_select_list_item MainWindow.sigview v(in2)
wv_dclick_list_item MainWindow.sigview v(in2)
wv_select_list_item MainWindow.sigview v(in3)
wv_dclick_list_item MainWindow.sigview v(in3)
wv_select_list_item MainWindow.sigview v(in3)
wv_select_list_item MainWindow.sigview v(out0)
wv_dclick_list_item MainWindow.sigview v(out0)
wv_select_list_item MainWindow.sigview v(out1)
wv_dclick_list_item MainWindow.sigview v(out1)
wv_select_list_item MainWindow.sigview v(out2)
wv_dclick_list_item MainWindow.sigview v(out2)
wv_select_list_item MainWindow.sigview v(out3)
wv_dclick_list_item MainWindow.sigview v(out3)
wv_select_waveview 1
wv_select_toolbar_item {Import Waveform File}
wv_move_dialog FileDialog 568 146
wv_move_dialog FileDialog 570 172
wv_select_dialog FileDialog
wv_set_text FileDialog.FileName {microprocessorsetup.tr0}
wv_close_dialog FileDialog
wv_select_tree_item MainWindow.hierview {D0:microprocessorsetup.tr0}
wv_tree_context_menu MainWindow.hierview {D0:microprocessorsetup.tr0}
wv_select_context_menu_item {Update WDF}
wv_move_dialog Confirmation 505 414
wv_select_dialog Confirmation
wv_press_button Confirmation.Ok
wv_select_tree_item MainWindow.hierview {D0:microprocessorsetup.tr0/toplevel}
wv_select_list_item MainWindow.sigview v(clk)
wv_dclick_list_item MainWindow.sigview v(clk)
wv_select_list_item MainWindow.sigview v(in0)
wv_dclick_list_item MainWindow.sigview v(in0)
wv_select_list_item MainWindow.sigview v(in1)
wv_dclick_list_item MainWindow.sigview v(in1)
wv_release_wv_item WV1 10 576
wv_select_wv_item WV1.PANEL13:1.LEGEND
wv_select_panel WV1.PANEL13:1.LEGEND
wv_waveview_context_menu WV1.PANEL13:1.LINE1
wv_select_context_menu_item {Clear WaveView}
wv_select_list_item MainWindow.sigview v(clk)
wv_dclick_list_item MainWindow.sigview v(clk)
wv_select_list_item MainWindow.sigview v(in0)
wv_dclick_list_item MainWindow.sigview v(in0)
wv_select_list_item MainWindow.sigview v(in1)
wv_dclick_list_item MainWindow.sigview v(in1)
wv_select_list_item MainWindow.sigview v(in2)
wv_dclick_list_item MainWindow.sigview v(in2)
wv_select_list_item MainWindow.sigview v(in3)
wv_dclick_list_item MainWindow.sigview v(in3)
wv_select_list_item MainWindow.sigview v(inst0)
wv_dclick_list_item MainWindow.sigview v(inst0)
wv_select_list_item MainWindow.sigview v(out0)
wv_dclick_list_item MainWindow.sigview v(out0)
wv_waveview_context_menu WV1.PANEL5:1.LEGEND
wv_select_context_menu_item {Clear WaveView}
wv_select_list_item MainWindow.sigview v(clk)
wv_dclick_list_item MainWindow.sigview v(clk)
wv_select_list_item MainWindow.sigview v(inst0)
wv_dclick_list_item MainWindow.sigview v(inst0)
wv_select_list_item MainWindow.sigview v(inst1)
wv_dclick_list_item MainWindow.sigview v(inst1)
wv_select_list_item MainWindow.sigview v(in0)
wv_dclick_list_item MainWindow.sigview v(in0)
wv_select_list_item MainWindow.sigview v(in1)
wv_dclick_list_item MainWindow.sigview v(in1)
wv_select_list_item MainWindow.sigview v(in2)
wv_dclick_list_item MainWindow.sigview v(in2)
wv_select_list_item MainWindow.sigview v(in3)
wv_dclick_list_item MainWindow.sigview v(in3)
wv_select_list_item MainWindow.sigview v(out0)
wv_drag_list_item MainWindow.sigview v(out0)
wv_dclick_list_item MainWindow.sigview v(out0)
wv_select_list_item MainWindow.sigview v(out1)
wv_dclick_list_item MainWindow.sigview v(out1)
wv_select_list_item MainWindow.sigview v(out2)
wv_drag_list_item MainWindow.sigview v(out2)
wv_dclick_list_item MainWindow.sigview v(out2)
wv_select_list_item MainWindow.sigview v(out3)
wv_dclick_list_item MainWindow.sigview v(out3)
wv_select_waveview 1
wv_tree_context_menu MainWindow.hierview {D0:microprocessorsetup.tr0/toplevel}
wv_select_context_menu_item {Update WDF}
wv_move_dialog Confirmation 505 414
wv_select_dialog Confirmation
wv_press_button Confirmation.Ok
wv_select_panel WV1.PANEL2:1 4.19841e-09 0.730435
wv_drag_item_to WV1 443 123
wv_zoom_x WV1.PANEL2:1 4.19841e-09 5.40744e-09
wv_select_wv_item WV1.ICON.unzoom
wv_release_wv_item WV1 62 11
wv_select_waveview 1
wv_tree_context_menu MainWindow.hierview {D0:microprocessorsetup.tr0}
wv_select_context_menu_item {Update WDF}
wv_move_dialog Confirmation 505 414
wv_select_dialog Confirmation
wv_press_button Confirmation.Ok
wv_select_tree_item MainWindow.hierview {D0:microprocessorsetup.tr0/toplevel}
wv_tree_context_menu MainWindow.hierview {D0:microprocessorsetup.tr0}
wv_select_context_menu_item {Update WDF}
wv_select_tree_item MainWindow.hierview {D0:microprocessorsetup.tr0/toplevel}
wv_select_panel WV1.PANEL3:1 4.02569e-09 1.14783
wv_select_list_item MainWindow.sigview v(clk)
wv_select_list_item MainWindow.sigview v(in0)
wv_select_list_item MainWindow.sigview v(in1)
wv_select_list_item MainWindow.sigview v(in0)
wv_dclick_list_item MainWindow.sigview v(in0)
wv_select_list_item MainWindow.sigview v(in1)
wv_dclick_list_item MainWindow.sigview v(in1)
wv_select_list_item MainWindow.sigview v(inst0)
wv_dclick_list_item MainWindow.sigview v(inst0)
wv_select_list_item MainWindow.sigview v(inst1)
wv_dclick_list_item MainWindow.sigview v(inst1)
wv_select_panel WV1.PANEL2:1 4.94243e-09 0.0375
wv_drag_item_to WV1 499 121
wv_zoom_x WV1.PANEL2:1 4.94243e-09 6.15146e-09
wv_select_wv_item WV1.ICON.unzoom
wv_release_wv_item WV1 52 14
wv_select_wv_item WV1.PANEL15:1.LEGEND
wv_select_panel WV1.PANEL15:1.LEGEND
wv_waveview_context_menu WV1.PANEL15:1.LEGEND
wv_select_context_menu_item {Delete Panel}
wv_move_dialog Confirmation 679 422
wv_select_dialog Confirmation
wv_press_button Confirmation.Ok
wv_select_wv_item WV1.PANEL14:1.LEGEND
wv_select_panel WV1.PANEL14:1.LEGEND
wv_waveview_context_menu WV1.PANEL14:1.LEGEND
wv_select_context_menu_item {Delete Panel}
wv_move_dialog Confirmation 675 370
wv_move_dialog Confirmation 679 422
wv_select_dialog Confirmation
wv_press_button Confirmation.Ok
wv_select_wv_item WV1.PANEL13:1.LEGEND
wv_select_panel WV1.PANEL13:1.LEGEND
wv_waveview_context_menu WV1.PANEL13:1.LEGEND
wv_select_context_menu_item {Delete Panel}
wv_move_dialog Confirmation 679 422
wv_select_dialog Confirmation
wv_press_button Confirmation.Ok
wv_select_wv_item WV1.PANEL12:1.LEGEND
wv_select_panel WV1.PANEL12:1.LEGEND
wv_waveview_context_menu WV1.PANEL12:1.LEGEND
wv_select_context_menu_item {Delete Panel}
wv_move_dialog Confirmation 679 422
wv_select_dialog Confirmation
wv_press_button Confirmation.Ok
wv_select_panel WV1.PANEL7:1 3.16209e-09 0.834783
wv_select_waveview 1
wv_tree_context_menu MainWindow.hierview {D0:microprocessorsetup.tr0}
wv_select_context_menu_item {Update WDF}
wv_move_dialog Confirmation 505 414
wv_select_dialog Confirmation
wv_press_button Confirmation.Ok
wv_select_waveview 1
wv_tree_context_menu MainWindow.hierview {D0:microprocessorsetup.tr0}
wv_select_context_menu_item {Update WDF}
wv_move_dialog Confirmation 505 414
wv_select_dialog Confirmation
wv_press_button Confirmation.Ok
wv_select_waveview 1
wv_tree_context_menu MainWindow.hierview {D0:microprocessorsetup.tr0}
wv_select_context_menu_item {Update WDF}
wv_move_dialog Confirmation 505 414
wv_select_dialog Confirmation
wv_press_button Confirmation.Ok
wv_select_panel WV1.PANEL5:1 4.94243e-09 1.14783
wv_select_panel WV1.PANEL5:1 4.84942e-09 1.17391
wv_select_panel WV1.PANEL2:1 4.26484e-09 0.130435
wv_drag_item_to WV1 447 144
wv_zoom_x WV1.PANEL2:1 4.26484e-09 5.79274e-09
wv_select_wv_item WV1.ICON.unzoom
wv_release_wv_item WV1 60 17
wv_select_panel WV1.PANEL5:1 4.876e-09 0.834783
wv_select_waveview 1
wv_select_waveview 1
wv_tree_context_menu MainWindow.hierview {D0:microprocessorsetup.tr0}
wv_select_context_menu_item {Update WDF}
wv_move_dialog Confirmation 505 414
wv_select_dialog Confirmation
wv_press_button Confirmation.Ok
wv_select_panel WV1.PANEL5:1 6.04517e-09 1.17391
wv_select_waveview 1
wv_tree_context_menu MainWindow.hierview {D0:microprocessorsetup.tr0}
wv_select_context_menu_item {Update WDF}
wv_move_dialog Confirmation 505 414
wv_select_dialog Confirmation
wv_press_button Confirmation.Ok
wv_select_panel WV1.PANEL7:1 6.82905e-09 -0.026087
wv_select_panel WV1.PANEL11:1 5.39415e-09 1.12992
wv_select_panel WV1.PANEL10:1 5.56687e-09 0.998503
wv_select_panel WV1.PANEL5:1 6.05846e-09 1.12174
wv_select_waveview 1
wv_tree_context_menu MainWindow.hierview {D0:microprocessorsetup.tr0}
wv_select_context_menu_item {Update WDF}
wv_move_dialog Confirmation 505 414
wv_select_dialog Confirmation
wv_press_button Confirmation.Ok
wv_select_waveview 1
wv_tree_context_menu MainWindow.hierview {D0:microprocessorsetup.tr0/toplevel}
wv_select_context_menu_item {Update WDF}
wv_move_dialog Confirmation 505 414
wv_select_dialog Confirmation
wv_press_button Confirmation.Cancel
wv_tree_context_menu MainWindow.hierview {D0:microprocessorsetup.tr0}
wv_select_context_menu_item {Update WDF}
wv_move_dialog Confirmation 505 414
wv_select_dialog Confirmation
wv_press_button Confirmation.Ok
wv_select_panel WV1.PANEL3:1 5.27458e-09 0.286957
wv_select_waveview 1
wv_select_waveview 1
wv_select_panel WV1.PANEL6:1 6.48361e-09 1.22609
wv_drag_item_to WV1 614 318
wv_zoom_x WV1.PANEL6:1 6.48361e-09 5.02214e-09
wv_select_waveview 1
wv_tree_context_menu MainWindow.hierview {D0:microprocessorsetup.tr0}
wv_select_context_menu_item {Update WDF}
wv_move_dialog Confirmation 505 414
wv_select_dialog Confirmation
wv_press_button Confirmation.Ok
wv_select_wv_item WV1.ICON.unzoom
wv_release_wv_item WV1 56 10
wv_select_panel WV1.PANEL10:1 6.94863e-09 1.0251
wv_select_panel WV1.PANEL1:1 2.44464e-09 0.573913
wv_drag_item_to WV1 310 75
wv_zoom_x WV1.PANEL1:1 2.44464e-09 1.38175e-09
wv_select_wv_item {WV1.ICON.unzoom x}
wv_release_wv_item WV1 64 18
wv_select_panel WV1.PANEL5:1 1.48804e-09 0.130435
wv_select_waveview 1
wv_select_panel WV1.PANEL2:1 1.42161e-09 -0.0521739
wv_drag_item_to WV1 233 152
wv_zoom_x WV1.PANEL2:1 1.42161e-09 -5.04872e-10
wv_select_wv_item WV1.ICON.unzoom
wv_release_wv_item WV1 51 18
wv_select_waveview 1
wv_select_waveview 1
wv_select_panel WV1.PANEL4:1 1.12533e-08 1.12174
wv_select_waveview 1
wv_tree_context_menu MainWindow.hierview {D0:microprocessorsetup.tr0}
wv_select_context_menu_item {Update WDF}
wv_move_dialog Confirmation 505 414
wv_select_dialog Confirmation
wv_press_button Confirmation.Ok
wv_select_panel WV1.PANEL2:1 1.1426e-09 0.93913
wv_drag_item_to WV1 202 118
wv_zoom_x WV1.PANEL2:1 1.1426e-09 3.32152e-10
wv_select_wv_item WV1.ICON.unzoom
wv_release_wv_item WV1 58 18
wv_select_waveview 1
wv_press_key Up
wv_tree_context_menu MainWindow.hierview {D0:microprocessorsetup.tr0}
wv_select_context_menu_item {Update WDF}
wv_move_dialog Confirmation 505 414
wv_select_dialog Confirmation
wv_press_button Confirmation.Ok
wv_select_waveview 1
wv_tree_context_menu MainWindow.hierview {D0:microprocessorsetup.tr0}
wv_select_context_menu_item {Update WDF}
wv_move_dialog Confirmation 505 414
wv_select_dialog Confirmation
wv_press_button Confirmation.Ok
wv_select_waveview 1
wv_tree_context_menu MainWindow.hierview {D0:microprocessorsetup.tr0}
wv_select_context_menu_item {Update WDF}
wv_move_dialog Confirmation 505 414
wv_select_dialog Confirmation
wv_press_button Confirmation.Ok
wv_select_waveview 1
wv_tree_context_menu MainWindow.hierview {D0:microprocessorsetup.tr0}
wv_select_context_menu_item {Update WDF}
wv_move_dialog Confirmation 505 414
wv_select_dialog Confirmation
wv_press_button Confirmation.Ok
wv_select_panel WV1.PANEL5:1 5.87245e-09 0.652174
wv_select_panel WV1.PANEL11:1 6.04517e-09 0.364046
wv_drag_item_to WV1 583 622
wv_zoom_x WV1.PANEL11:1 6.04517e-09 6.60319e-09
wv_select_wv_item WV1.ICON.unzoom
wv_release_wv_item WV1 57 18
wv_select_waveview 1
wv_tree_context_menu MainWindow.hierview {D0:microprocessorsetup.tr0}
wv_select_context_menu_item {Update WDF}
wv_move_dialog Confirmation 505 414
wv_select_dialog Confirmation
wv_press_button Confirmation.Ok
wv_waveview_context_menu WV1.PANEL5:1 4.15855e-09 0.93913
wv_select_panel WV1.PANEL1:1 4.99557e-09 0.365217
wv_drag_item_to WV1 503 82
wv_zoom_x WV1.PANEL1:1 4.99557e-09 5.39415e-09
wv_select_wv_item WV1.ICON.unzoom
wv_release_wv_item WV1 53 19
wv_select_waveview 1
wv_select_waveview 1
wv_tree_context_menu MainWindow.hierview {D0:microprocessorsetup.tr0}
wv_select_context_menu_item {Update WDF}
wv_move_dialog Confirmation 505 414
wv_select_dialog Confirmation
wv_press_button Confirmation.Ok
wv_select_panel WV1.PANEL6:1 6.62976e-09 1.12174
wv_select_panel WV1.PANEL9:1 6.81577e-09 0.0741575
wv_select_panel WV1.PANEL8:1 4.59699e-09 0.628137
wv_drag_item_to WV1 473 450
wv_zoom_x WV1.PANEL8:1 4.59699e-09 5.52702e-09
wv_select_waveview 1
wv_tree_context_menu MainWindow.hierview {D0:microprocessorsetup.tr0}
wv_select_context_menu_item {Update WDF}
wv_move_dialog Confirmation 505 414
wv_select_dialog Confirmation
wv_press_button Confirmation.Ok
wv_select_wv_item WV1.ICON.unzoom
wv_release_wv_item WV1 58 16
wv_select_panel WV1.PANEL10:1 6.37733e-09 1.02112
wv_select_waveview 1
wv_select_waveview 1
wv_tree_context_menu MainWindow.hierview {D0:microprocessorsetup.tr0}
wv_select_context_menu_item {Update WDF}
wv_move_dialog Confirmation 505 414
wv_select_dialog Confirmation
wv_press_button Confirmation.Ok
wv_select_waveview 1
wv_select_waveview 1
wv_select_waveview 1
wv_select_waveview 1
wv_tree_context_menu MainWindow.hierview {D0:microprocessorsetup.tr0}
wv_select_context_menu_item {Update WDF}
wv_move_dialog Confirmation 505 414
wv_select_dialog Confirmation
wv_press_button Confirmation.Ok
wv_select_panel WV1.PANEL5:1 3.97254e-09 1.12174
wv_select_waveview 1
wv_tree_context_menu MainWindow.hierview {D0:microprocessorsetup.tr0}
wv_select_context_menu_item {Update WDF}
wv_move_dialog Confirmation 505 414
wv_select_dialog Confirmation
wv_press_button Confirmation.Ok
wv_select_waveview 1
wv_tree_context_menu MainWindow.hierview {D0:microprocessorsetup.tr0}
wv_select_context_menu_item {Update WDF}
wv_move_dialog Confirmation 505 414
wv_select_dialog Confirmation
wv_press_button Confirmation.Ok
wv_select_panel WV1.PANEL11:1 8.20149e-09 0.942565
wv_select_panel WV1.PANEL3:1 7.32655e-09 0.652174
wv_drag_item_to WV1 956 180
wv_zoom_x WV1.PANEL3:1 7.32655e-09 7.76844e-09
wv_select_wv_item WV1.ICON.unzoom
wv_release_wv_item WV1 53 12
wv_select_waveview 1
wv_select_panel WV1.PANEL3:1 8.97922e-09 1.17391
wv_drag_item_to WV1 1132 163
wv_zoom_x WV1.PANEL3:1 8.97922e-09 8.25452e-09
wv_release_wv_item WV1 57 5
wv_select_wv_item WV1.ICON.unzoom
wv_release_wv_item WV1 62 16
wv_select_waveview 1
wv_tree_context_menu MainWindow.hierview {D0:microprocessorsetup.tr0}
wv_select_context_menu_item {Update WDF}
wv_move_dialog Confirmation 505 414
wv_select_dialog Confirmation
wv_press_button Confirmation.Ok
wv_select_waveview 1
wv_select_waveview 1
wv_tree_context_menu MainWindow.hierview {D0:microprocessorsetup.tr0}
wv_select_context_menu_item {Update WDF}
wv_move_dialog Confirmation 502 362
wv_move_dialog Confirmation 505 414
wv_select_dialog Confirmation
wv_press_button Confirmation.Ok
wv_select_panel WV1.PANEL1:1 8.13109e-09 0.756522
wv_drag_item_to WV1 740 67
wv_zoom_x WV1.PANEL1:1 8.13109e-09 1.00709e-08
wv_select_wv_item WV1.ICON.unzoom
wv_release_wv_item WV1 60 15
wv_select_panel WV1.PANEL5:1 9.03454e-09 0.469565
wv_drag_item_to WV1 807 294
wv_zoom_x WV1.PANEL5:1 9.03454e-09 9.845e-09
wv_select_wv_item WV1.ICON.unzoom
wv_release_wv_item WV1 55 13
wv_select_waveview 1
wv_select_waveview 1
wv_tree_context_menu MainWindow.hierview {D0:microprocessorsetup.tr0}
wv_tree_context_menu MainWindow.hierview {D0:microprocessorsetup.tr0}
wv_select_context_menu_item {Update WDF}
wv_move_dialog Confirmation 505 414
wv_select_dialog Confirmation
wv_press_button Confirmation.Ok
wv_select_panel WV1.PANEL1:1 1.06554e-08 0.834783
wv_drag_item_to WV1 928 63
wv_zoom_x WV1.PANEL1:1 1.06554e-08 1.08813e-08
wv_select_wv_item WV1.ICON.unzoom
wv_release_wv_item WV1 55 18
wv_select_panel WV1.PANEL1:1 9.73871e-09 0.86087
wv_drag_item_to WV1 861 62
wv_zoom_x WV1.PANEL1:1 9.73871e-09 1.09079e-08
wv_select_wv_item WV1.ICON.unzoom
wv_release_wv_item WV1 62 12
wv_select_waveview 1
wv_tree_context_menu MainWindow.hierview {D0:microprocessorsetup.tr0}
wv_select_context_menu_item {Update WDF}
wv_move_dialog Confirmation 505 414
wv_select_dialog Confirmation
wv_press_button Confirmation.Ok
wv_select_panel WV1.PANEL4:1 6.938e-09 0.391304
wv_move_window CustomWaveView -2 25
wv_resize_window CustomWaveView 1536 788
wv_move_window CustomWaveView 0 25
wv_resize_window CustomWaveView 1532 784
wv_move_window CustomWaveView 0 43
wv_resize_window CustomWaveView 1532 766
wv_move_window CustomWaveView 0 202
wv_resize_window CustomWaveView 1532 607
wv_move_window CustomWaveView 18 202
wv_resize_window CustomWaveView 1514 607
wv_move_window CustomWaveView 531 202
wv_resize_window CustomWaveView 1001 607
wv_move_window CustomWaveView 623 202
wv_resize_window CustomWaveView 909 607
wv_move_window CustomWaveView 623 186
wv_move_window CustomWaveView 600 173
wv_move_window CustomWaveView 597 169
wv_select_wv_item {WV1.ICON.measurement tool}
wv_release_wv_item WV1 148 15
wv_move_dialog MeasurementTool 719 246
wv_select_dialog MeasurementTool
wv_press_button MeasurementTool.Ok
wv_select_wv_item WV1.MEAS1.ANCHOR1
wv_drag_item_to WV1 289 69
wv_move_wv_item WV1.MEAS1.ANCHOR1 162 78
wv_select_wv_item WV1.MEAS1
wv_drag_item_to WV1 488 108
wv_move_wv_item WV1.MEAS1 156 74
wv_select_wv_item WV1.MEAS1
wv_drag_item_to WV1 187 101
wv_move_wv_item WV1.MEAS1 142 440
wv_select_wv_item WV1.MEAS1
wv_drag_item_to WV1 180 461
wv_move_wv_item WV1.MEAS1 327 404
wv_select_wv_item WV1.MEAS1
wv_drag_item_to WV1 397 427
wv_move_wv_item WV1.MEAS1 273 65
wv_select_panel WV1.PANEL4:1 4.17095e-09 1
wv_select_panel WV1.PANEL3:1 4.04644e-09 0.88
wv_drag_item_to WV1 321 133
wv_select_wv_item WV1.MEAS1
wv_drag_item_to WV1 364 91
wv_move_wv_item WV1.MEAS1 203 54
wv_select_wv_item WV1.MEAS1
wv_drag_item_to WV1 300 84
wv_move_wv_item WV1.MEAS1 160 81
wv_select_wv_item WV1.MEAS1
wv_drag_item_to WV1 205 108
wv_move_wv_item WV1.MEAS1 369 68
wv_select_wv_item WV1.MEAS1
wv_drag_item_to WV1 446 111
wv_move_wv_item WV1.MEAS1 393 304
wv_select_wv_item WV1.MEAS1
wv_drag_item_to WV1 459 328
wv_move_wv_item WV1.MEAS1 401 437
wv_select_wv_item WV1.MEAS1
wv_drag_item_to WV1 445 464
wv_move_wv_item WV1.MEAS1 373 71
wv_select_wv_item WV1.MEAS1
wv_drag_item_to WV1 405 95
wv_move_wv_item WV1.MEAS1 437 67
wv_select_wv_item WV1.MEAS1
wv_drag_item_to WV1 494 96
wv_move_wv_item WV1.MEAS1 454 443
wv_select_wv_item WV1.MEAS1.ANCHOR2
wv_drag_item_to WV1 448 446
wv_move_wv_item WV1.MEAS1.ANCHOR2 493 445
wv_select_wv_item WV1.MEAS1.ANCHOR1
wv_drag_item_to WV1 429 67
wv_move_wv_item WV1.MEAS1.ANCHOR1 479 64
wv_select_wv_item WV1.MEAS1.ANCHOR1
wv_drag_item_to WV1 483 68
wv_move_wv_item WV1.MEAS1.ANCHOR1 381 77
wv_select_wv_item WV1.MEAS1
wv_drag_item_to WV1 493 451
wv_move_wv_item WV1.MEAS1 386 373
wv_select_wv_item WV1.MEAS1
wv_drag_item_to WV1 439 404
wv_move_wv_item WV1.MEAS1 376 49
wv_select_wv_item WV1.MEAS1.ANCHOR1
wv_drag_item_to WV1 386 372
wv_move_wv_item WV1.MEAS1.ANCHOR1 549 438
wv_select_panel WV1.PANEL1:1 5.12549e-09 0.32
wv_drag_item_to WV1 374 70
wv_zoom_x WV1.PANEL1:1 5.12549e-09 5.35375e-09
wv_select_wv_item WV1.ICON.unzoom
wv_release_wv_item WV1 57 15
wv_select_wv_item WV1.MEAS1.ANCHOR2
wv_drag_item_to WV1 375 70
wv_move_wv_item WV1.MEAS1.ANCHOR2 546 75
wv_select_wv_item WV1.MEAS1.ANCHOR1
wv_drag_item_to WV1 544 445
wv_move_wv_item WV1.MEAS1.ANCHOR1 597 446
wv_select_wv_item WV1.MEAS1.ANCHOR2
wv_drag_item_to WV1 535 67
wv_move_wv_item WV1.MEAS1.ANCHOR2 592 69
wv_select_wv_item WV1.MEAS1
wv_drag_item_to WV1 466 82
wv_move_wv_item WV1.MEAS1 591 75
wv_select_wv_item WV1.MEAS1
wv_drag_item_to WV1 578 112
wv_move_wv_item WV1.MEAS1 609 450
wv_select_wv_item WV1.MEAS1.ANCHOR1
wv_drag_item_to WV1 589 66
wv_move_wv_item WV1.MEAS1.ANCHOR1 370 74
wv_select_wv_item WV1.MEAS1.ANCHOR2
wv_drag_item_to WV1 598 446
wv_move_wv_item WV1.MEAS1.ANCHOR2 399 450
wv_move_window CustomWaveView 598 168
wv_move_window CustomWaveView 609 152
wv_move_window CustomWaveView 617 140
wv_move_window CustomWaveView 623 126
wv_move_window CustomWaveView 623 112
wv_move_window CustomWaveView 623 108
wv_move_window CustomWaveView 623 103
wv_move_window CustomWaveView 623 97
wv_move_window CustomWaveView 623 93
wv_move_window CustomWaveView 623 88
wv_move_window CustomWaveView 623 86
wv_move_window CustomWaveView 655 84
wv_move_window CustomWaveView 657 82
wv_move_window CustomWaveView 657 81
wv_move_window CustomWaveView 659 79
wv_move_window CustomWaveView 659 77
wv_move_window CustomWaveView 660 77
wv_move_window CustomWaveView 661 76
wv_move_window CustomWaveView 662 75
wv_move_window CustomWaveView 675 71
wv_move_window CustomWaveView 677 70
wv_select_wv_item WV1.MEAS1
wv_drag_item_to WV1 547 454
wv_move_wv_item WV1.MEAS1 403 377
wv_select_wv_item WV1.MEAS1
wv_drag_item_to WV1 446 380
wv_move_wv_item WV1.MEAS1 363 64
wv_select_wv_item WV1.MEAS1.ANCHOR1
wv_drag_item_to WV1 383 372
wv_move_wv_item WV1.MEAS1.ANCHOR1 376 438
wv_select_wv_item WV1.MEAS1.ANCHOR1
wv_drag_item_to WV1 380 447
wv_move_wv_item WV1.MEAS1.ANCHOR1 385 442
wv_select_wv_item WV1.MEAS1
wv_drag_item_to WV1 377 69
wv_move_wv_item WV1.MEAS1 578 66
wv_select_wv_item WV1.MEAS1
wv_drag_item_to WV1 543 94
wv_move_wv_item WV1.MEAS1 587 450
wv_move_window CustomWaveView 676 69
wv_move_window CustomWaveView 644 70
wv_move_window CustomWaveView 617 70
wv_move_window CustomWaveView 606 70
wv_move_window CustomWaveView 595 70
wv_move_window CustomWaveView 590 70
wv_select_wv_item WV1.MEAS1.ANCHOR2
wv_drag_item_to WV1 598 447
wv_move_wv_item WV1.MEAS1.ANCHOR2 486 445
wv_select_wv_item WV1.MEAS1.ANCHOR1
wv_drag_item_to WV1 591 68
wv_move_wv_item WV1.MEAS1.ANCHOR1 483 70
wv_select_waveview 1
wv_select_wv_item WV1.MEAS1.ANCHOR2
wv_drag_item_to WV1 491 448
wv_move_wv_item WV1.MEAS1.ANCHOR2 592 456
wv_select_wv_item WV1.MEAS1.ANCHOR1
wv_drag_item_to WV1 482 68
wv_move_wv_item WV1.MEAS1.ANCHOR1 583 62
wv_select_wv_item WV1.MEAS1.ANCHOR2
wv_drag_item_to WV1 599 440
wv_move_wv_item WV1.MEAS1.ANCHOR2 538 366
wv_select_wv_item WV1.MEAS1.ANCHOR1
wv_drag_item_to WV1 589 68
wv_move_wv_item WV1.MEAS1.ANCHOR1 536 68
wv_select_waveview 1
wv_move_window CustomWaveView 0 25
wv_resize_window CustomWaveView 1536 788
wv_press_key F
wv_select_panel WV1.PANEL1:1 9.86981e-09 1.1234
wv_drag_item_to WV1 1192 53
wv_zoom_x WV1.PANEL1:1 9.86981e-09 1.03147e-08
wv_press_key Down
wv_select_wv_item WV1.VSLIDER 1265 486
wv_drag_item_to WV1 1264 486
wv_drag_item_to WV1 1261 517
wv_vert_scroll WV1 0
wv_select_wv_item {WV1.ICON.unzoom x}
wv_release_wv_item WV1 69 19
wv_select_waveview 1
wv_tree_context_menu MainWindow.hierview {D0:microprocessorsetup.tr0}
wv_select_context_menu_item {Update WDF}
wv_move_dialog Confirmation 503 390
wv_select_dialog Confirmation
wv_press_button Confirmation.Ok
