00166404D8
005E27E816
004E2D04D1
FFF993587C
FFF9D53BF2
FF8B2B29D1
00F6146D65
004DE156FD
00D9964E26
FF916E47D1
0009DE6BA0
FEB33C3E01
00EDC83A2D
0068FE045A
0047573E4D
FFE1E8E93F
FF77B40F47
FF54F41C50
004599C2C3
00D08C1B6B
FF36C8FA8E
FFBEF921AD
FFEC3CAD43
0007349A3C
0120891C2B
FEFE65A72B
001C4233C1
FE7BECCDBF
0073D24CD3
FFECE67A41
0080A3A0D8
FF1837D073
007BB27790
FF3DCC77F5
00D85B9C30
0198D3A024
FEF5538720
FF47A2E5A7
0029C24674
FF8C952D63
FFD75DDA64
0125B377E9
FDF0585DDD
FF892967E2
003346B88B
004857DD04
012543D742
FFEE9A80A8
FF102FC887
FF7A95D6DA
0122829E0F
FFF595FC50
0194CA6BF8
FFAAEC8238
FF4992D019
00202CF892
FF7BDF7552
00F7CBBE3F
FD3EB034D9
FE424F4691
FE06F8EFB9
004361A14B
005F0F266F
0171A6AB18
FFF4675DB3
FE8FCDE920
00DAB66523
01276CEF57
0020E2464D
00BDC78E7A
008A20AAE5
FEE8CA44BB
01BEAA65BB
002E1AA70F
FE0436D98B
FEC25DBD73
FFBB3F076D
FF57A9E58E
FFC36164F0
FFA361F446
FD67DBD13F
FFD2DC38AE
00719991B5
021EACBE10
FFD6BF4559
FFD5BD3B8D
00896C3E9F
FE92FC4991
0081026E3F
FFA58DF67A
FFF96479C7
FE47334726
0040272ACF
FF867FAFA6
FF3DB142A7
FF5A1809E5
FF6B06C4F6
FFEE4A1CDA
00AC989237
0022DFD615
FFAC87E70F
001EA1CBCD
01EDF7223B
FED5671745
0041660BFB
0024283AA0
FFAC8126A3
FF01EB989B
011A575361
FF8A68365E
01A9A2D13A
FE87B054EB
0006274BF2
FFD666D733
FF9C49C83A
FE72940916
00F50E2DDD
FF0043F9C3
006503AC13
0007B48295
01270C84C6
005962F510
003E191BFF
FE4451A823
036FD8D8B6
01405FB244
00A6B24D4A
00C4582EB9
FFD9A765EE
005842EDE1
007FB79CCF
0017684B63
FE5E5D94A5
FD85B636CC
00DF6D48F1
FE14E97BAC
FF2D734ADA
FF502842B8
01757CAF7B
FE97F18061
00EF27D4F4
01D5295BCC
FF79FEB5A2
FFF553518C
00F6167279
0301045D0B
008398CD0D
019F718C66
011910E210
FC2E8430AD
0005A343A1
FF651CAA4F
FEC7C1BE01
0131C50D6D
FF969CB5F6
FE542B1279
01BC35317E
0149A611F3
FE850FC7E5
FEF514B0CE
01BE772BF2
0088950E73
0093F2758F
00C42CF6EC
FEE2596C72
00BCB92859
FDFA168714
03043F3445
FEB7B33069
0044E3D103
FE8150A346
001F1A110D
00AF0535B5
003FC2F2EF
FEFE533F71
FFCEA5F036
018ACFB7AC
FEF3F9535F
FFBE341801
01E2561D2B
005B1A67C4
013FC7F4C7
FE41E102D6
042BD04838
FED371FFBF
0122388C33
FFF32666EB
FFC7CAE6F8
0084848E92
026B0216AE
FFF358715D
01A6DCE796
00A45A0A5D
00A1B4E996
0118B9CA69
0136244BA8
00782D7598
FF1E1B9778
000D9E45A1
0229FA3ED1
00DCC8ECB3
033C961078
0046B82C0B
0066CD25F8
FBDA56B1DA
00D7C9B97E
FCEE38FA3D
013EA94C0F
FEF0996099
FDF2191A91
FEF6AD1601
FF52DB5F3F
017858D5FC
FE2E84E245
000282EE57
FFBF69F381
014D83439C
01C5A2A842
FD2141B729
FF544AFD55
0189C554AE
FF559FC8D9
00F2BF11CA
024FEA85E3
FE12CF0D2B
FF1F043627
FD47A25216
035BD6452C
0168270D16
FFE49DA6FE
0181499923
FE14C54F10
014A5471EF
FBA90DC76F
01E103567D
FFE10B59EB
FDF6A680C0
FE4FEC61A3
01C929726F
00C6724B9D
FC5B38BF8A
021CF62538
01A5886C2C
0214D52057
01E76404DB
00F52DF6FB
FF5B86C5EC
01938EDFDE
FFEACE40DF
FF5972784D
005567C0EF
FF2C3640D4
FF002C2E02
FFC21AACF2
FE65F88F7D
009B22BC11
020D9C9D40
05E918FCA1
FFE32D6BAB
FB0B2D370E
0062B5DCE1
0212E8AE55
054ABF81D7
012E707198
FFB1D54934
02B2C1226A
000CBA40ED
01540395A4
FE5084B73A
011E5555B1
FF301D420D
011783066E
013B0C6355
FF05347B04
FF56C5A38D
000A18ABC5
0153CEC287
01B3B38205
FE12C4DB46
01AD113DF9
FD2167D163
FD659780EA
FFCA82EC5D
FFD9BD065F
01FE2F9694
FF22BFBD0B
FFB0E72BE8
FF90C3BD92
FE36F39D20
037B5C3285
00FEA595AD
0005A91A5C
01619AB2DB
000B87197E
034565B15D
FF48F1CCE9
FE256E8BD0
03806C4DE0
0145C164E7
FEAD525A1D
027E2A2428
FF23055082
FF3AF23BB4
FF1B58F9D4
FF1DE69769
0053C3778F
00DCFD52FF
FEEEEB9248
FF697CA1ED
0127AEEA04
FF94830772
FF3B5CB05D
00BBAD6D6A
FF4BF52E70
FC93199354
00F9510914
01B9EC1535
017BD7AB7A
03C6B479A6
FDB2C3D8B3
052BE30EEF
015EBFBA46
FDD6CD9308
FF1500838C
FF3ADCEDAB
01004F6325
FBB2BD2C3D
FFC4FEAC47
FF3944BD64
FE6D83BC04
0178A1C912
01FB3517E3
023D618571
013AD37FDA
FD58C4B9E5
FEB77BC66A
00AE3D9EE2
FE1189407E
028B650663
FEDF92294E
FF4B4013DD
0151CCC0EC
FE864C8129
01B2679697
FF5D3AC1EE
00BDEEAD6B
0252D54BA2
02657D05A5
0120172EA1
FFBB159288
FE98CDD220
022FBB23A5
FE106726FD
0098E23540
FFB19D6D25
FD8DC1DD50
0360AE5B98
01716C45DD
FF90972227
FC259B866F
018FB14461
02A50E904D
02D6B1955C
00CBF12586
FE2C73CA83
013EAB13AA
FC576F41BE
029B1CBB9E
00701CBD61
FF82A43915
002F102D2B
FED69421B6
0204C6832D
FFCD415883
FD106DD2F5
FFDC6C73D5
0223E4630B
FDE6CE4DA8
FC62769CDB
0173EE99DC
FF8B18F17F
FE4B5326AC
04BED188B8
02842B45BC
FE0815E996
0240F127D4
007C01F7D7
0114C748B9
02D895EF5F
005A83AC7E
00AA0ACA76
0392AEE533
0113DC716A
FF7812A0CD
007E76CA91
FDA9C89D42
00740CACB0
010F35C184
FE1BE12E42
FEC19DCDF5
00BD1508E0
FDCA3E5E13
007CB8FAEF
0244F7D2EF
FF4EF109D5
F97A0D6B98
021C06636E
012C3008DB
FFA4BBAF9D
016C6C4C97
023ACA10CE
FEDD61ED2F
001001C3E9
FCA340A9A3
001C7469DF
FD1CD32E11
FF334416E1
FFCBEE8999
025FB3D4DA
FE48581545
FF46D0C862
FCB3DA518E
005450646F
02EB8C8546
016CD358EC
FF1DE75C3A
FF6D4FDA2F
FE4C2B3733
00B5805428
01CC07BF82
FFD4D73F11
002815892B
FD4D6A7D2A
FE28878FF6
FED3EFFAB8
FFF2841D69
04D5230D18
0105592EB5
01F9BFDB45
FEEDDDC499
FE7AAC2891
FEA03316CD
00CD897213
FEEAF8FD34
FDBC7358B1
FE24538882
FE93AB452B
FD2613E7E9
FDFFE33A31
00BE3EA2CF
FD8926D4FE
017B43BB9C
FBC841BF70
FE3944E388
FE390E4F9B
FD000B5456
01DEF3A3E3
032175EA75
011B793494
FF3C7FC84A
0231904BDD
01999D81AC
002FA24970
0472362507
0121AC0D7E
015DFEE276
FF3C62170F
009CA7C247
FD57592E19
035B031607
FDA0CE6A0C
FE3498E823
00C85B8B72
FFEADB98C7
FC430AFEE7
FFC6D49506
0073519E3E
0173E79A22
0315EEE6D1
00EC76B522
FFCEB56223
FEBD619AC8
00429FAEBA
01D3B1E850
FEB1147325
02EC1988BC
FFAB8BC5F3
000F969675
FDA53B2BDE
FFFA16C4E3
FDB2C44A9E
02165A2302
032C9DEDDD
FE8733146B
FEF40609BC
00807D780D
01499751C7
0052728D1D
018795A91A
FE6BE1B32D
009666CAD8
0053C93CC9
018CC4319E
01723C7BEC
036D20F214
02CB68BDEF
0133531231
02FE4EFB2E
FD9929F69F
0102A43E49
FE42B708B3
FF97054E86
